<?xml version="1.0" encoding="UTF-8"?>
<robot generator="Robot 6.1.1 (Python 3.12.5 on win32)" generated="20240907 17:07:56.917" rpa="false" schemaversion="4">
<suite id="s1" name="RobotProject" source="F:\RobotProject">
<suite id="s1-s1" name="TestCases" source="F:\RobotProject\TestCases">
<suite id="s1-s1-s1" name="demoQATest2" source="F:\RobotProject\TestCases\demoQATest2.robot">
<test id="s1-s1-s1-t1" name="Verify Sub-Menus in Elements site" line="8">
<kw name="Open Browser" library="SeleniumLibrary">
<arg>${demoQA_elements_url}</arg>
<arg>headlesschrome</arg>
<doc>Opens a new browser instance to the optional ``url``.</doc>
<msg timestamp="20240907 17:07:57.202" level="INFO">Opening browser 'headlesschrome' to base url 'https://demoqa.com/elements'.</msg>
<status status="PASS" starttime="20240907 17:07:57.197" endtime="20240907 17:08:09.300"/>
</kw>
<kw name="Maximize Browser Window" library="SeleniumLibrary">
<doc>Maximizes current browser window.</doc>
<status status="PASS" starttime="20240907 17:08:09.300" endtime="20240907 17:08:09.400"/>
</kw>
<kw name="Set Selenium Speed" library="SeleniumLibrary">
<arg>2s</arg>
<doc>Sets the delay that is waited after each Selenium command.</doc>
<status status="PASS" starttime="20240907 17:08:09.400" endtime="20240907 17:08:09.400"/>
</kw>
<kw name="Verify Sub-Menu should be visible">
<doc>Verify all sub-menu in Elements site should be visible</doc>
<for flavor="IN">
<var>${ele_sub_menu}</var>
<value>@{list_subelement_buttons}</value>
<iter>
<var name="${ele_sub_menu}">xpath=//span[@class='text'][text()='Text Box']</var>
<kw name="Element Should Be Visible" library="SeleniumLibrary">
<arg>${ele_sub_menu}</arg>
<doc>Verifies that the element identified by ``locator`` is visible.</doc>
<msg timestamp="20240907 17:08:13.459" level="INFO">Element 'xpath=//span[@class='text'][text()='Text Box']' is displayed.</msg>
<status status="PASS" starttime="20240907 17:08:09.400" endtime="20240907 17:08:13.459"/>
</kw>
<status status="PASS" starttime="20240907 17:08:09.400" endtime="20240907 17:08:13.459"/>
</iter>
<iter>
<var name="${ele_sub_menu}">xpath=//span[@class='text'][text()='Check Box']</var>
<kw name="Element Should Be Visible" library="SeleniumLibrary">
<arg>${ele_sub_menu}</arg>
<doc>Verifies that the element identified by ``locator`` is visible.</doc>
<msg timestamp="20240907 17:08:17.488" level="INFO">Element 'xpath=//span[@class='text'][text()='Check Box']' is displayed.</msg>
<status status="PASS" starttime="20240907 17:08:13.459" endtime="20240907 17:08:17.488"/>
</kw>
<status status="PASS" starttime="20240907 17:08:13.459" endtime="20240907 17:08:17.488"/>
</iter>
<iter>
<var name="${ele_sub_menu}">xpath=//span[@class='text'][text()='Radio Button']</var>
<kw name="Element Should Be Visible" library="SeleniumLibrary">
<arg>${ele_sub_menu}</arg>
<doc>Verifies that the element identified by ``locator`` is visible.</doc>
<msg timestamp="20240907 17:08:21.524" level="INFO">Element 'xpath=//span[@class='text'][text()='Radio Button']' is displayed.</msg>
<status status="PASS" starttime="20240907 17:08:17.488" endtime="20240907 17:08:21.524"/>
</kw>
<status status="PASS" starttime="20240907 17:08:17.488" endtime="20240907 17:08:21.524"/>
</iter>
<iter>
<var name="${ele_sub_menu}">xpath=//span[@class='text'][text()='Web Tables']</var>
<kw name="Element Should Be Visible" library="SeleniumLibrary">
<arg>${ele_sub_menu}</arg>
<doc>Verifies that the element identified by ``locator`` is visible.</doc>
<msg timestamp="20240907 17:08:25.580" level="INFO">Element 'xpath=//span[@class='text'][text()='Web Tables']' is displayed.</msg>
<status status="PASS" starttime="20240907 17:08:21.527" endtime="20240907 17:08:25.580"/>
</kw>
<status status="PASS" starttime="20240907 17:08:21.526" endtime="20240907 17:08:25.580"/>
</iter>
<iter>
<var name="${ele_sub_menu}">xpath=//span[@class='text'][text()='Links']</var>
<kw name="Element Should Be Visible" library="SeleniumLibrary">
<arg>${ele_sub_menu}</arg>
<doc>Verifies that the element identified by ``locator`` is visible.</doc>
<msg timestamp="20240907 17:08:29.633" level="INFO">Element 'xpath=//span[@class='text'][text()='Links']' is displayed.</msg>
<status status="PASS" starttime="20240907 17:08:25.582" endtime="20240907 17:08:29.633"/>
</kw>
<status status="PASS" starttime="20240907 17:08:25.580" endtime="20240907 17:08:29.633"/>
</iter>
<iter>
<var name="${ele_sub_menu}">xpath=//span[@class='text'][text()='Broken Links - Images']</var>
<kw name="Element Should Be Visible" library="SeleniumLibrary">
<arg>${ele_sub_menu}</arg>
<doc>Verifies that the element identified by ``locator`` is visible.</doc>
<msg timestamp="20240907 17:08:33.688" level="INFO">Element 'xpath=//span[@class='text'][text()='Broken Links - Images']' is displayed.</msg>
<status status="PASS" starttime="20240907 17:08:29.633" endtime="20240907 17:08:33.688"/>
</kw>
<status status="PASS" starttime="20240907 17:08:29.633" endtime="20240907 17:08:33.688"/>
</iter>
<iter>
<var name="${ele_sub_menu}">xpath=//span[@class='text'][text()='Upload and Download']</var>
<kw name="Element Should Be Visible" library="SeleniumLibrary">
<arg>${ele_sub_menu}</arg>
<doc>Verifies that the element identified by ``locator`` is visible.</doc>
<msg timestamp="20240907 17:08:37.738" level="INFO">Element 'xpath=//span[@class='text'][text()='Upload and Download']' is displayed.</msg>
<status status="PASS" starttime="20240907 17:08:33.688" endtime="20240907 17:08:37.739"/>
</kw>
<status status="PASS" starttime="20240907 17:08:33.688" endtime="20240907 17:08:37.739"/>
</iter>
<iter>
<var name="${ele_sub_menu}">xpath=//span[@class='text'][text()='Dynamic Properties']</var>
<kw name="Element Should Be Visible" library="SeleniumLibrary">
<arg>${ele_sub_menu}</arg>
<doc>Verifies that the element identified by ``locator`` is visible.</doc>
<msg timestamp="20240907 17:08:41.792" level="INFO">Element 'xpath=//span[@class='text'][text()='Dynamic Properties']' is displayed.</msg>
<status status="PASS" starttime="20240907 17:08:37.740" endtime="20240907 17:08:41.792"/>
</kw>
<status status="PASS" starttime="20240907 17:08:37.739" endtime="20240907 17:08:41.792"/>
</iter>
<status status="PASS" starttime="20240907 17:08:09.400" endtime="20240907 17:08:41.792"/>
</for>
<status status="PASS" starttime="20240907 17:08:09.400" endtime="20240907 17:08:41.794"/>
</kw>
<kw name="Verify click on each sub-menus">
<doc>Verify user can click and switch between sub-elements</doc>
<for flavor="IN">
<var>${ele_sub_action}</var>
<value>@{list_subelement_buttons}</value>
<iter>
<var name="${ele_sub_action}">xpath=//span[@class='text'][text()='Text Box']</var>
<kw name="Click Element" library="SeleniumLibrary">
<arg>${ele_sub_action}</arg>
<doc>Click the element identified by ``locator``.</doc>
<msg timestamp="20240907 17:08:41.796" level="INFO">Clicking element 'xpath=//span[@class='text'][text()='Text Box']'.</msg>
<status status="PASS" starttime="20240907 17:08:41.796" endtime="20240907 17:08:45.934"/>
</kw>
<status status="PASS" starttime="20240907 17:08:41.796" endtime="20240907 17:08:45.934"/>
</iter>
<iter>
<var name="${ele_sub_action}">xpath=//span[@class='text'][text()='Check Box']</var>
<kw name="Click Element" library="SeleniumLibrary">
<arg>${ele_sub_action}</arg>
<doc>Click the element identified by ``locator``.</doc>
<msg timestamp="20240907 17:08:45.934" level="INFO">Clicking element 'xpath=//span[@class='text'][text()='Check Box']'.</msg>
<status status="PASS" starttime="20240907 17:08:45.934" endtime="20240907 17:08:50.039"/>
</kw>
<status status="PASS" starttime="20240907 17:08:45.934" endtime="20240907 17:08:50.039"/>
</iter>
<iter>
<var name="${ele_sub_action}">xpath=//span[@class='text'][text()='Radio Button']</var>
<kw name="Click Element" library="SeleniumLibrary">
<arg>${ele_sub_action}</arg>
<doc>Click the element identified by ``locator``.</doc>
<msg timestamp="20240907 17:08:50.039" level="INFO">Clicking element 'xpath=//span[@class='text'][text()='Radio Button']'.</msg>
<status status="PASS" starttime="20240907 17:08:50.039" endtime="20240907 17:08:54.153"/>
</kw>
<status status="PASS" starttime="20240907 17:08:50.039" endtime="20240907 17:08:54.153"/>
</iter>
<iter>
<var name="${ele_sub_action}">xpath=//span[@class='text'][text()='Web Tables']</var>
<kw name="Click Element" library="SeleniumLibrary">
<arg>${ele_sub_action}</arg>
<doc>Click the element identified by ``locator``.</doc>
<msg timestamp="20240907 17:08:54.154" level="INFO">Clicking element 'xpath=//span[@class='text'][text()='Web Tables']'.</msg>
<status status="PASS" starttime="20240907 17:08:54.154" endtime="20240907 17:08:58.285"/>
</kw>
<status status="PASS" starttime="20240907 17:08:54.154" endtime="20240907 17:08:58.285"/>
</iter>
<iter>
<var name="${ele_sub_action}">xpath=//span[@class='text'][text()='Links']</var>
<kw name="Click Element" library="SeleniumLibrary">
<arg>${ele_sub_action}</arg>
<doc>Click the element identified by ``locator``.</doc>
<msg timestamp="20240907 17:08:58.285" level="INFO">Clicking element 'xpath=//span[@class='text'][text()='Links']'.</msg>
<status status="PASS" starttime="20240907 17:08:58.285" endtime="20240907 17:09:02.414"/>
</kw>
<status status="PASS" starttime="20240907 17:08:58.285" endtime="20240907 17:09:02.414"/>
</iter>
<iter>
<var name="${ele_sub_action}">xpath=//span[@class='text'][text()='Broken Links - Images']</var>
<kw name="Click Element" library="SeleniumLibrary">
<arg>${ele_sub_action}</arg>
<doc>Click the element identified by ``locator``.</doc>
<msg timestamp="20240907 17:09:02.414" level="INFO">Clicking element 'xpath=//span[@class='text'][text()='Broken Links - Images']'.</msg>
<status status="PASS" starttime="20240907 17:09:02.414" endtime="20240907 17:09:06.529"/>
</kw>
<status status="PASS" starttime="20240907 17:09:02.414" endtime="20240907 17:09:06.529"/>
</iter>
<iter>
<var name="${ele_sub_action}">xpath=//span[@class='text'][text()='Upload and Download']</var>
<kw name="Click Element" library="SeleniumLibrary">
<arg>${ele_sub_action}</arg>
<doc>Click the element identified by ``locator``.</doc>
<msg timestamp="20240907 17:09:06.529" level="INFO">Clicking element 'xpath=//span[@class='text'][text()='Upload and Download']'.</msg>
<status status="PASS" starttime="20240907 17:09:06.529" endtime="20240907 17:09:10.651"/>
</kw>
<status status="PASS" starttime="20240907 17:09:06.529" endtime="20240907 17:09:10.651"/>
</iter>
<iter>
<var name="${ele_sub_action}">xpath=//span[@class='text'][text()='Dynamic Properties']</var>
<kw name="Click Element" library="SeleniumLibrary">
<arg>${ele_sub_action}</arg>
<doc>Click the element identified by ``locator``.</doc>
<msg timestamp="20240907 17:09:10.652" level="INFO">Clicking element 'xpath=//span[@class='text'][text()='Dynamic Properties']'.</msg>
<status status="PASS" starttime="20240907 17:09:10.652" endtime="20240907 17:09:14.771"/>
</kw>
<status status="PASS" starttime="20240907 17:09:10.652" endtime="20240907 17:09:14.772"/>
</iter>
<status status="PASS" starttime="20240907 17:08:41.796" endtime="20240907 17:09:14.772"/>
</for>
<status status="PASS" starttime="20240907 17:08:41.794" endtime="20240907 17:09:14.772"/>
</kw>
<kw name="Close All Browsers" library="SeleniumLibrary" type="TEARDOWN">
<doc>Closes all open browsers and resets the browser cache.</doc>
<status status="PASS" starttime="20240907 17:09:14.772" endtime="20240907 17:09:18.942"/>
</kw>
<status status="PASS" starttime="20240907 17:07:57.197" endtime="20240907 17:09:18.942"/>
</test>
<doc>Verify user can switch between all sub-menus after opening https://demoqa.com/elements</doc>
<status status="PASS" starttime="20240907 17:07:56.943" endtime="20240907 17:09:18.948"/>
</suite>
<status status="PASS" starttime="20240907 17:07:56.943" endtime="20240907 17:09:18.948"/>
</suite>
<status status="PASS" starttime="20240907 17:07:56.917" endtime="20240907 17:09:18.958"/>
</suite>
<statistics>
<total>
<stat pass="1" fail="0" skip="0">All Tests</stat>
</total>
<tag>
</tag>
<suite>
<stat pass="1" fail="0" skip="0" id="s1" name="RobotProject">RobotProject</stat>
<stat pass="1" fail="0" skip="0" id="s1-s1" name="TestCases">RobotProject.TestCases</stat>
<stat pass="1" fail="0" skip="0" id="s1-s1-s1" name="demoQATest2">RobotProject.TestCases.demoQATest2</stat>
</suite>
</statistics>
<errors>
</errors>
</robot>
